{"/Users/jaakkos/Development/open-source/winston-logstash/src/connection.ts": {"path":"/Users/jaakkos/Development/open-source/winston-logstash/src/connection.ts","statementMap":{"0":{"start":{"line":8,"column":0},"end":{"line":8,"column":28}},"1":{"start":{"line":9,"column":0},"end":{"line":9,"column":33}},"2":{"start":{"line":10,"column":0},"end":{"line":10,"column":22}},"3":{"start":{"line":15,"column":0},"end":{"line":15,"column":null}},"4":{"start":{"line":16,"column":2},"end":{"line":16,"column":null}},"5":{"start":{"line":17,"column":2},"end":{"line":17,"column":null}},"6":{"start":{"line":18,"column":2},"end":{"line":18,"column":null}},"7":{"start":{"line":19,"column":2},"end":{"line":19,"column":null}},"8":{"start":{"line":20,"column":2},"end":{"line":20,"column":null}},"9":{"start":{"line":30,"column":0},"end":{"line":30,"column":22}},"10":{"start":{"line":38,"column":4},"end":{"line":38,"column":49}},"11":{"start":{"line":39,"column":4},"end":{"line":39,"column":45}},"12":{"start":{"line":40,"column":4},"end":{"line":40,"column":39}},"13":{"start":{"line":43,"column":10},"end":{"line":46,"column":null}},"14":{"start":{"line":44,"column":4},"end":{"line":44,"column":50}},"15":{"start":{"line":45,"column":4},"end":{"line":45,"column":50}},"16":{"start":{"line":48,"column":10},"end":{"line":51,"column":null}},"17":{"start":{"line":49,"column":4},"end":{"line":49,"column":50}},"18":{"start":{"line":50,"column":4},"end":{"line":50,"column":70}},"19":{"start":{"line":53,"column":12},"end":{"line":57,"column":null}},"20":{"start":{"line":54,"column":4},"end":{"line":54,"column":47}},"21":{"start":{"line":55,"column":4},"end":{"line":55,"column":48}},"22":{"start":{"line":56,"column":4},"end":{"line":56,"column":47}},"23":{"start":{"line":59,"column":12},"end":{"line":61,"column":null}},"24":{"start":{"line":60,"column":4},"end":{"line":60,"column":43}},"25":{"start":{"line":63,"column":10},"end":{"line":69,"column":null}},"26":{"start":{"line":64,"column":4},"end":{"line":68,"column":null}},"27":{"start":{"line":65,"column":6},"end":{"line":65,"column":53}},"28":{"start":{"line":67,"column":6},"end":{"line":67,"column":63}},"29":{"start":{"line":71,"column":12},"end":{"line":76,"column":null}},"30":{"start":{"line":72,"column":4},"end":{"line":72,"column":54}},"31":{"start":{"line":73,"column":4},"end":{"line":73,"column":56}},"32":{"start":{"line":74,"column":4},"end":{"line":74,"column":60}},"33":{"start":{"line":75,"column":4},"end":{"line":75,"column":56}},"34":{"start":{"line":78,"column":2},"end":{"line":83,"column":null}},"35":{"start":{"line":79,"column":4},"end":{"line":79,"column":44}},"36":{"start":{"line":80,"column":4},"end":{"line":80,"column":38}},"37":{"start":{"line":81,"column":4},"end":{"line":81,"column":27}},"38":{"start":{"line":82,"column":4},"end":{"line":82,"column":44}},"39":{"start":{"line":85,"column":2},"end":{"line":87,"column":null}},"40":{"start":{"line":86,"column":4},"end":{"line":86,"column":76}},"41":{"start":{"line":89,"column":2},"end":{"line":91,"column":null}},"42":{"start":{"line":90,"column":4},"end":{"line":90,"column":46}},"43":{"start":{"line":93,"column":2},"end":{"line":96,"column":null}},"44":{"start":{"line":94,"column":4},"end":{"line":94,"column":47}},"45":{"start":{"line":95,"column":4},"end":{"line":95,"column":27}},"46":{"start":{"line":97,"column":0},"end":{"line":97,"column":null}},"47":{"start":{"line":30,"column":22},"end":{"line":30,"column":32}},"48":{"start":{"line":99,"column":0},"end":{"line":99,"column":null}},"49":{"start":{"line":99,"column":37},"end":{"line":99,"column":47}},"50":{"start":{"line":100,"column":2},"end":{"line":110,"column":null}},"51":{"start":{"line":101,"column":4},"end":{"line":101,"column":27}},"52":{"start":{"line":102,"column":4},"end":{"line":109,"column":null}},"53":{"start":{"line":103,"column":6},"end":{"line":103,"column":33}},"54":{"start":{"line":104,"column":6},"end":{"line":104,"column":43}},"55":{"start":{"line":105,"column":6},"end":{"line":105,"column":66}},"56":{"start":{"line":106,"column":6},"end":{"line":106,"column":48}},"57":{"start":{"line":108,"column":6},"end":{"line":108,"column":52}},"58":{"start":{"line":111,"column":0},"end":{"line":111,"column":null}},"59":{"start":{"line":99,"column":13},"end":{"line":99,"column":28}},"60":{"start":{"line":113,"column":0},"end":{"line":113,"column":null}},"61":{"start":{"line":113,"column":38},"end":{"line":113,"column":48}},"62":{"start":{"line":116,"column":4},"end":{"line":116,"column":null}},"63":{"start":{"line":117,"column":4},"end":{"line":118,"column":90}},"64":{"start":{"line":121,"column":9},"end":{"line":137,"column":null}},"65":{"start":{"line":122,"column":19},"end":{"line":122,"column":34}},"66":{"start":{"line":123,"column":20},"end":{"line":123,"column":36}},"67":{"start":{"line":124,"column":15},"end":{"line":124,"column":25}},"68":{"start":{"line":125,"column":26},"end":{"line":125,"column":48}},"69":{"start":{"line":126,"column":31},"end":{"line":126,"column":57}},"70":{"start":{"line":128,"column":33},"end":{"line":134,"column":6}},"71":{"start":{"line":136,"column":4},"end":{"line":136,"column":32}},"72":{"start":{"line":139,"column":2},"end":{"line":150,"column":null}},"73":{"start":{"line":140,"column":4},"end":{"line":140,"column":27}},"74":{"start":{"line":141,"column":4},"end":{"line":149,"column":null}},"75":{"start":{"line":142,"column":6},"end":{"line":144,"column":35}},"76":{"start":{"line":145,"column":6},"end":{"line":145,"column":43}},"77":{"start":{"line":146,"column":6},"end":{"line":146,"column":72}},"78":{"start":{"line":148,"column":6},"end":{"line":148,"column":52}},"79":{"start":{"line":151,"column":0},"end":{"line":151,"column":null}},"80":{"start":{"line":113,"column":13},"end":{"line":113,"column":29}}},"fnMap":{"0":{"name":"(anonymous_7)","decl":{"start":{"line":15,"column":0},"end":{"line":15,"column":5}},"loc":{"start":{"line":15,"column":22},"end":{"line":21,"column":1}}},"1":{"name":"(anonymous_8)","decl":{"start":{"line":30,"column":0},"end":{"line":30,"column":22}},"loc":{"start":{"line":30,"column":0},"end":{"line":97,"column":null}}},"2":{"name":"Connection","decl":{"start":{"line":37,"column":2},"end":{"line":37,"column":14}},"loc":{"start":{"line":37,"column":52},"end":{"line":41,"column":3}}},"3":{"name":"(anonymous_10)","decl":{"start":{"line":43,"column":2},"end":{"line":43,"column":10}},"loc":{"start":{"line":43,"column":36},"end":{"line":46,"column":3}}},"4":{"name":"(anonymous_11)","decl":{"start":{"line":48,"column":2},"end":{"line":48,"column":10}},"loc":{"start":{"line":48,"column":2},"end":{"line":51,"column":3}}},"5":{"name":"(anonymous_12)","decl":{"start":{"line":53,"column":2},"end":{"line":53,"column":12}},"loc":{"start":{"line":53,"column":2},"end":{"line":57,"column":3}}},"6":{"name":"(anonymous_13)","decl":{"start":{"line":59,"column":2},"end":{"line":59,"column":12}},"loc":{"start":{"line":59,"column":2},"end":{"line":61,"column":3}}},"7":{"name":"(anonymous_14)","decl":{"start":{"line":63,"column":2},"end":{"line":63,"column":10}},"loc":{"start":{"line":63,"column":36},"end":{"line":69,"column":3}}},"8":{"name":"(anonymous_15)","decl":{"start":{"line":71,"column":2},"end":{"line":71,"column":12}},"loc":{"start":{"line":71,"column":44},"end":{"line":76,"column":3}}},"9":{"name":"(anonymous_16)","decl":{"start":{"line":78,"column":2},"end":{"line":78,"column":7}},"loc":{"start":{"line":78,"column":2},"end":{"line":83,"column":3}}},"10":{"name":"(anonymous_17)","decl":{"start":{"line":85,"column":2},"end":{"line":85,"column":6}},"loc":{"start":{"line":85,"column":62},"end":{"line":87,"column":3}}},"11":{"name":"(anonymous_18)","decl":{"start":{"line":89,"column":2},"end":{"line":89,"column":13}},"loc":{"start":{"line":89,"column":2},"end":{"line":91,"column":3}}},"12":{"name":"(anonymous_19)","decl":{"start":{"line":93,"column":2},"end":{"line":93,"column":9}},"loc":{"start":{"line":93,"column":26},"end":{"line":96,"column":3}}},"13":{"name":"(anonymous_20)","decl":{"start":{"line":99,"column":0},"end":{"line":99,"column":13}},"loc":{"start":{"line":99,"column":0},"end":{"line":111,"column":null}}},"14":{"name":"(anonymous_22)","decl":{"start":{"line":100,"column":2},"end":{"line":100,"column":9}},"loc":{"start":{"line":100,"column":26},"end":{"line":110,"column":3}}},"15":{"name":"(anonymous_23)","decl":{"start":{"line":113,"column":0},"end":{"line":113,"column":13}},"loc":{"start":{"line":113,"column":0},"end":{"line":151,"column":null}}},"16":{"name":"SecureConnection","decl":{"start":{"line":115,"column":2},"end":{"line":115,"column":14}},"loc":{"start":{"line":115,"column":52},"end":{"line":119,"column":3}}},"17":{"name":"(anonymous_25)","decl":{"start":{"line":121,"column":2},"end":{"line":121,"column":9}},"loc":{"start":{"line":121,"column":72},"end":{"line":137,"column":3}}},"18":{"name":"(anonymous_26)","decl":{"start":{"line":139,"column":2},"end":{"line":139,"column":9}},"loc":{"start":{"line":139,"column":26},"end":{"line":150,"column":3}}}},"branchMap":{"0":{"loc":{"start":{"line":15,"column":5},"end":{"line":15,"column":null}},"type":"binary-expr","locations":[{"start":{"line":15,"column":5},"end":{"line":15,"column":22}},{"start":{"line":15,"column":5},"end":{"line":15,"column":null}}]},"1":{"loc":{"start":{"line":39,"column":16},"end":{"line":39,"column":44}},"type":"cond-expr","locations":[{"start":{"line":39,"column":29},"end":{"line":39,"column":33}},{"start":{"line":39,"column":33},"end":{"line":39,"column":44}}]},"2":{"loc":{"start":{"line":39,"column":16},"end":{"line":39,"column":33}},"type":"binary-expr","locations":[{"start":{"line":39,"column":16},"end":{"line":39,"column":33}},{"start":{"line":39,"column":29},"end":{"line":39,"column":33}}]},"3":{"loc":{"start":{"line":39,"column":16},"end":{"line":39,"column":29}},"type":"cond-expr","locations":[{"start":{"line":39,"column":23},"end":{"line":39,"column":25}},{"start":{"line":39,"column":16},"end":{"line":39,"column":29}}]},"4":{"loc":{"start":{"line":39,"column":16},"end":{"line":39,"column":25}},"type":"binary-expr","locations":[{"start":{"line":39,"column":16},"end":{"line":39,"column":25}},{"start":{"line":39,"column":16},"end":{"line":39,"column":25}}]},"5":{"loc":{"start":{"line":40,"column":16},"end":{"line":40,"column":38}},"type":"cond-expr","locations":[{"start":{"line":40,"column":29},"end":{"line":40,"column":33}},{"start":{"line":40,"column":33},"end":{"line":40,"column":38}}]},"6":{"loc":{"start":{"line":40,"column":16},"end":{"line":40,"column":33}},"type":"binary-expr","locations":[{"start":{"line":40,"column":16},"end":{"line":40,"column":33}},{"start":{"line":40,"column":29},"end":{"line":40,"column":33}}]},"7":{"loc":{"start":{"line":40,"column":16},"end":{"line":40,"column":29}},"type":"cond-expr","locations":[{"start":{"line":40,"column":23},"end":{"line":40,"column":25}},{"start":{"line":40,"column":16},"end":{"line":40,"column":29}}]},"8":{"loc":{"start":{"line":40,"column":16},"end":{"line":40,"column":25}},"type":"binary-expr","locations":[{"start":{"line":40,"column":16},"end":{"line":40,"column":25}},{"start":{"line":40,"column":16},"end":{"line":40,"column":25}}]},"9":{"loc":{"start":{"line":45,"column":4},"end":{"line":45,"column":49}},"type":"cond-expr","locations":[{"start":{"line":45,"column":16},"end":{"line":45,"column":18}},{"start":{"line":45,"column":16},"end":{"line":45,"column":49}}]},"10":{"loc":{"start":{"line":45,"column":4},"end":{"line":45,"column":18}},"type":"binary-expr","locations":[{"start":{"line":45,"column":4},"end":{"line":45,"column":18}},{"start":{"line":45,"column":16},"end":{"line":45,"column":18}}]},"11":{"loc":{"start":{"line":50,"column":4},"end":{"line":50,"column":69}},"type":"cond-expr","locations":[{"start":{"line":50,"column":16},"end":{"line":50,"column":18}},{"start":{"line":50,"column":16},"end":{"line":50,"column":69}}]},"12":{"loc":{"start":{"line":50,"column":4},"end":{"line":50,"column":18}},"type":"binary-expr","locations":[{"start":{"line":50,"column":4},"end":{"line":50,"column":18}},{"start":{"line":50,"column":16},"end":{"line":50,"column":18}}]},"13":{"loc":{"start":{"line":50,"column":45},"end":{"line":50,"column":68}},"type":"cond-expr","locations":[{"start":{"line":50,"column":56},"end":{"line":50,"column":58}},{"start":{"line":50,"column":56},"end":{"line":50,"column":68}}]},"14":{"loc":{"start":{"line":50,"column":45},"end":{"line":50,"column":58}},"type":"binary-expr","locations":[{"start":{"line":50,"column":45},"end":{"line":50,"column":58}},{"start":{"line":50,"column":56},"end":{"line":50,"column":58}}]},"15":{"loc":{"start":{"line":54,"column":4},"end":{"line":54,"column":46}},"type":"cond-expr","locations":[{"start":{"line":54,"column":15},"end":{"line":54,"column":17}},{"start":{"line":54,"column":15},"end":{"line":54,"column":46}}]},"16":{"loc":{"start":{"line":54,"column":4},"end":{"line":54,"column":17}},"type":"binary-expr","locations":[{"start":{"line":54,"column":4},"end":{"line":54,"column":17}},{"start":{"line":54,"column":15},"end":{"line":54,"column":17}}]},"17":{"loc":{"start":{"line":56,"column":4},"end":{"line":56,"column":46}},"type":"cond-expr","locations":[{"start":{"line":56,"column":16},"end":{"line":56,"column":18}},{"start":{"line":56,"column":16},"end":{"line":56,"column":46}}]},"18":{"loc":{"start":{"line":56,"column":4},"end":{"line":56,"column":18}},"type":"binary-expr","locations":[{"start":{"line":56,"column":4},"end":{"line":56,"column":18}},{"start":{"line":56,"column":16},"end":{"line":56,"column":18}}]},"19":{"loc":{"start":{"line":60,"column":4},"end":{"line":60,"column":42}},"type":"cond-expr","locations":[{"start":{"line":60,"column":16},"end":{"line":60,"column":18}},{"start":{"line":60,"column":16},"end":{"line":60,"column":42}}]},"20":{"loc":{"start":{"line":60,"column":4},"end":{"line":60,"column":18}},"type":"binary-expr","locations":[{"start":{"line":60,"column":4},"end":{"line":60,"column":18}},{"start":{"line":60,"column":16},"end":{"line":60,"column":18}}]},"21":{"loc":{"start":{"line":64,"column":4},"end":{"line":68,"column":null}},"type":"if","locations":[{"start":{"line":64,"column":4},"end":{"line":68,"column":null}},{"start":{"line":66,"column":11},"end":{"line":68,"column":null}}]},"22":{"loc":{"start":{"line":65,"column":6},"end":{"line":65,"column":52}},"type":"cond-expr","locations":[{"start":{"line":65,"column":18},"end":{"line":65,"column":20}},{"start":{"line":65,"column":18},"end":{"line":65,"column":52}}]},"23":{"loc":{"start":{"line":65,"column":6},"end":{"line":65,"column":20}},"type":"binary-expr","locations":[{"start":{"line":65,"column":6},"end":{"line":65,"column":20}},{"start":{"line":65,"column":18},"end":{"line":65,"column":20}}]},"24":{"loc":{"start":{"line":67,"column":6},"end":{"line":67,"column":62}},"type":"cond-expr","locations":[{"start":{"line":67,"column":18},"end":{"line":67,"column":20}},{"start":{"line":67,"column":18},"end":{"line":67,"column":62}}]},"25":{"loc":{"start":{"line":67,"column":6},"end":{"line":67,"column":20}},"type":"binary-expr","locations":[{"start":{"line":67,"column":6},"end":{"line":67,"column":20}},{"start":{"line":67,"column":18},"end":{"line":67,"column":20}}]},"26":{"loc":{"start":{"line":80,"column":4},"end":{"line":80,"column":37}},"type":"cond-expr","locations":[{"start":{"line":80,"column":15},"end":{"line":80,"column":17}},{"start":{"line":80,"column":15},"end":{"line":80,"column":37}}]},"27":{"loc":{"start":{"line":80,"column":4},"end":{"line":80,"column":17}},"type":"binary-expr","locations":[{"start":{"line":80,"column":4},"end":{"line":80,"column":17}},{"start":{"line":80,"column":15},"end":{"line":80,"column":17}}]},"28":{"loc":{"start":{"line":81,"column":4},"end":{"line":81,"column":26}},"type":"cond-expr","locations":[{"start":{"line":81,"column":15},"end":{"line":81,"column":17}},{"start":{"line":81,"column":15},"end":{"line":81,"column":26}}]},"29":{"loc":{"start":{"line":81,"column":4},"end":{"line":81,"column":17}},"type":"binary-expr","locations":[{"start":{"line":81,"column":4},"end":{"line":81,"column":17}},{"start":{"line":81,"column":15},"end":{"line":81,"column":17}}]},"30":{"loc":{"start":{"line":82,"column":4},"end":{"line":82,"column":43}},"type":"cond-expr","locations":[{"start":{"line":82,"column":16},"end":{"line":82,"column":18}},{"start":{"line":82,"column":16},"end":{"line":82,"column":43}}]},"31":{"loc":{"start":{"line":82,"column":4},"end":{"line":82,"column":18}},"type":"binary-expr","locations":[{"start":{"line":82,"column":4},"end":{"line":82,"column":18}},{"start":{"line":82,"column":16},"end":{"line":82,"column":18}}]},"32":{"loc":{"start":{"line":86,"column":11},"end":{"line":86,"column":66}},"type":"cond-expr","locations":[{"start":{"line":86,"column":22},"end":{"line":86,"column":24}},{"start":{"line":86,"column":22},"end":{"line":86,"column":66}}]},"33":{"loc":{"start":{"line":86,"column":11},"end":{"line":86,"column":24}},"type":"binary-expr","locations":[{"start":{"line":86,"column":11},"end":{"line":86,"column":24}},{"start":{"line":86,"column":22},"end":{"line":86,"column":24}}]},"34":{"loc":{"start":{"line":90,"column":11},"end":{"line":90,"column":34}},"type":"cond-expr","locations":[{"start":{"line":90,"column":22},"end":{"line":90,"column":24}},{"start":{"line":90,"column":22},"end":{"line":90,"column":34}}]},"35":{"loc":{"start":{"line":90,"column":11},"end":{"line":90,"column":24}},"type":"binary-expr","locations":[{"start":{"line":90,"column":11},"end":{"line":90,"column":24}},{"start":{"line":90,"column":22},"end":{"line":90,"column":24}}]},"36":{"loc":{"start":{"line":108,"column":6},"end":{"line":108,"column":51}},"type":"cond-expr","locations":[{"start":{"line":108,"column":18},"end":{"line":108,"column":20}},{"start":{"line":108,"column":18},"end":{"line":108,"column":51}}]},"37":{"loc":{"start":{"line":108,"column":6},"end":{"line":108,"column":20}},"type":"binary-expr","locations":[{"start":{"line":108,"column":6},"end":{"line":108,"column":20}},{"start":{"line":108,"column":18},"end":{"line":108,"column":20}}]},"38":{"loc":{"start":{"line":116,"column":4},"end":{"line":116,"column":null}},"type":"binary-expr","locations":[{"start":{"line":116,"column":4},"end":{"line":116,"column":18}},{"start":{"line":116,"column":18},"end":{"line":116,"column":null}}]},"39":{"loc":{"start":{"line":129,"column":11},"end":{"line":129,"column":41}},"type":"binary-expr","locations":[{"start":{"line":129,"column":11},"end":{"line":129,"column":17}},{"start":{"line":129,"column":21},"end":{"line":129,"column":41}}]},"40":{"loc":{"start":{"line":130,"column":12},"end":{"line":130,"column":44}},"type":"binary-expr","locations":[{"start":{"line":130,"column":12},"end":{"line":130,"column":19}},{"start":{"line":130,"column":23},"end":{"line":130,"column":44}}]},"41":{"loc":{"start":{"line":131,"column":18},"end":{"line":131,"column":44}},"type":"binary-expr","locations":[{"start":{"line":131,"column":18},"end":{"line":131,"column":31}},{"start":{"line":131,"column":35},"end":{"line":131,"column":44}}]},"42":{"loc":{"start":{"line":133,"column":10},"end":{"line":133,"column":32}},"type":"binary-expr","locations":[{"start":{"line":133,"column":10},"end":{"line":133,"column":12}},{"start":{"line":133,"column":16},"end":{"line":133,"column":32}}]},"43":{"loc":{"start":{"line":148,"column":6},"end":{"line":148,"column":51}},"type":"cond-expr","locations":[{"start":{"line":148,"column":18},"end":{"line":148,"column":20}},{"start":{"line":148,"column":18},"end":{"line":148,"column":51}}]},"44":{"loc":{"start":{"line":148,"column":6},"end":{"line":148,"column":20}},"type":"binary-expr","locations":[{"start":{"line":148,"column":6},"end":{"line":148,"column":20}},{"start":{"line":148,"column":18},"end":{"line":148,"column":20}}]}},"s":{"0":3,"1":3,"2":3,"3":3,"4":3,"5":3,"6":3,"7":3,"8":3,"9":3,"10":22,"11":22,"12":22,"13":3,"14":10,"15":10,"16":3,"17":0,"18":0,"19":3,"20":8,"21":8,"22":8,"23":3,"24":0,"25":3,"26":1,"27":0,"28":1,"29":3,"30":20,"31":20,"32":20,"33":20,"34":3,"35":20,"36":20,"37":20,"38":20,"39":3,"40":10,"41":3,"42":21,"43":3,"44":20,"45":20,"46":3,"47":3,"48":3,"49":3,"50":3,"51":15,"52":15,"53":15,"54":15,"55":15,"56":15,"57":1,"58":3,"59":3,"60":3,"61":3,"62":5,"63":5,"64":3,"65":5,"66":5,"67":5,"68":5,"69":5,"70":5,"71":5,"72":3,"73":5,"74":5,"75":5,"76":5,"77":5,"78":0,"79":3,"80":3},"f":{"0":3,"1":3,"2":22,"3":10,"4":0,"5":8,"6":0,"7":1,"8":20,"9":20,"10":10,"11":21,"12":20,"13":20,"14":15,"15":3,"16":5,"17":5,"18":5},"b":{"0":[3,3],"1":[22,0],"2":[22,22],"3":[0,22],"4":[22,22],"5":[22,0],"6":[22,22],"7":[0,22],"8":[22,22],"9":[0,10],"10":[10,10],"11":[0,0],"12":[0,0],"13":[0,0],"14":[0,0],"15":[0,8],"16":[8,8],"17":[0,8],"18":[8,8],"19":[0,0],"20":[0,0],"21":[0,1],"22":[0,0],"23":[0,0],"24":[0,1],"25":[1,1],"26":[0,20],"27":[20,20],"28":[0,20],"29":[20,20],"30":[1,19],"31":[20,20],"32":[0,10],"33":[10,10],"34":[0,21],"35":[21,21],"36":[0,1],"37":[1,1],"38":[5,5],"39":[5,5],"40":[5,5],"41":[5,5],"42":[5,5],"43":[0,0],"44":[0,0]}}
,"/Users/jaakkos/Development/open-source/winston-logstash/src/manager.ts": {"path":"/Users/jaakkos/Development/open-source/winston-logstash/src/manager.ts","statementMap":{"0":{"start":{"line":9,"column":0},"end":{"line":9,"column":38}},"1":{"start":{"line":12,"column":28},"end":{"line":12,"column":42}},"2":{"start":{"line":14,"column":0},"end":{"line":14,"column":null}},"3":{"start":{"line":14,"column":29},"end":{"line":14,"column":41}},"4":{"start":{"line":23,"column":2},"end":{"line":23,"column":14}},"5":{"start":{"line":24,"column":4},"end":{"line":24,"column":null}},"6":{"start":{"line":18,"column":10},"end":{"line":18,"column":31}},"7":{"start":{"line":21,"column":10},"end":{"line":21,"column":67}},"8":{"start":{"line":25,"column":4},"end":{"line":25,"column":27}},"9":{"start":{"line":26,"column":4},"end":{"line":26,"column":33}},"10":{"start":{"line":27,"column":4},"end":{"line":27,"column":32}},"11":{"start":{"line":30,"column":4},"end":{"line":30,"column":21}},"12":{"start":{"line":31,"column":4},"end":{"line":31,"column":63}},"13":{"start":{"line":32,"column":4},"end":{"line":32,"column":73}},"14":{"start":{"line":35,"column":10},"end":{"line":42,"column":null}},"15":{"start":{"line":36,"column":4},"end":{"line":36,"column":67}},"16":{"start":{"line":37,"column":4},"end":{"line":37,"column":71}},"17":{"start":{"line":38,"column":4},"end":{"line":38,"column":80}},"18":{"start":{"line":39,"column":4},"end":{"line":39,"column":69}},"19":{"start":{"line":40,"column":4},"end":{"line":40,"column":71}},"20":{"start":{"line":41,"column":4},"end":{"line":41,"column":55}},"21":{"start":{"line":44,"column":10},"end":{"line":51,"column":null}},"22":{"start":{"line":45,"column":4},"end":{"line":45,"column":66}},"23":{"start":{"line":46,"column":4},"end":{"line":46,"column":70}},"24":{"start":{"line":47,"column":4},"end":{"line":47,"column":79}},"25":{"start":{"line":48,"column":4},"end":{"line":48,"column":68}},"26":{"start":{"line":49,"column":4},"end":{"line":49,"column":70}},"27":{"start":{"line":50,"column":4},"end":{"line":50,"column":56}},"28":{"start":{"line":53,"column":10},"end":{"line":57,"column":null}},"29":{"start":{"line":54,"column":4},"end":{"line":54,"column":27}},"30":{"start":{"line":55,"column":4},"end":{"line":55,"column":21}},"31":{"start":{"line":56,"column":4},"end":{"line":56,"column":17}},"32":{"start":{"line":59,"column":10},"end":{"line":62,"column":null}},"33":{"start":{"line":60,"column":4},"end":{"line":60,"column":24}},"34":{"start":{"line":61,"column":4},"end":{"line":61,"column":32}},"35":{"start":{"line":64,"column":10},"end":{"line":68,"column":null}},"36":{"start":{"line":67,"column":4},"end":{"line":67,"column":16}},"37":{"start":{"line":70,"column":10},"end":{"line":81,"column":null}},"38":{"start":{"line":71,"column":4},"end":{"line":80,"column":null}},"39":{"start":{"line":72,"column":6},"end":{"line":77,"column":null}},"40":{"start":{"line":74,"column":8},"end":{"line":74,"column":20}},"41":{"start":{"line":76,"column":8},"end":{"line":76,"column":21}},"42":{"start":{"line":79,"column":6},"end":{"line":79,"column":19}},"43":{"start":{"line":83,"column":10},"end":{"line":92,"column":null}},"44":{"start":{"line":84,"column":4},"end":{"line":91,"column":null}},"45":{"start":{"line":85,"column":6},"end":{"line":85,"column":19}},"46":{"start":{"line":87,"column":6},"end":{"line":87,"column":34}},"47":{"start":{"line":88,"column":6},"end":{"line":88,"column":31}},"48":{"start":{"line":89,"column":6},"end":{"line":90,"column":77}},"49":{"start":{"line":94,"column":10},"end":{"line":111,"column":null}},"50":{"start":{"line":95,"column":4},"end":{"line":97,"column":null}},"51":{"start":{"line":96,"column":6},"end":{"line":96,"column":38}},"52":{"start":{"line":99,"column":4},"end":{"line":99,"column":26}},"53":{"start":{"line":100,"column":4},"end":{"line":100,"column":32}},"54":{"start":{"line":102,"column":17},"end":{"line":102,"column":21}},"55":{"start":{"line":103,"column":4},"end":{"line":109,"column":7}},"56":{"start":{"line":104,"column":6},"end":{"line":104,"column":34}},"57":{"start":{"line":105,"column":6},"end":{"line":108,"column":36}},"58":{"start":{"line":106,"column":8},"end":{"line":106,"column":21}},"59":{"start":{"line":110,"column":4},"end":{"line":110,"column":28}},"60":{"start":{"line":113,"column":9},"end":{"line":115,"column":null}},"61":{"start":{"line":114,"column":4},"end":{"line":114,"column":33}},"62":{"start":{"line":117,"column":2},"end":{"line":121,"column":null}},"63":{"start":{"line":118,"column":4},"end":{"line":118,"column":19}},"64":{"start":{"line":119,"column":4},"end":{"line":119,"column":29}},"65":{"start":{"line":120,"column":4},"end":{"line":120,"column":34}},"66":{"start":{"line":123,"column":2},"end":{"line":126,"column":null}},"67":{"start":{"line":124,"column":4},"end":{"line":124,"column":42}},"68":{"start":{"line":125,"column":4},"end":{"line":125,"column":44}},"69":{"start":{"line":128,"column":2},"end":{"line":133,"column":null}},"70":{"start":{"line":129,"column":4},"end":{"line":129,"column":25}},"71":{"start":{"line":130,"column":4},"end":{"line":130,"column":17}},"72":{"start":{"line":131,"column":4},"end":{"line":131,"column":32}},"73":{"start":{"line":132,"column":4},"end":{"line":132,"column":29}},"74":{"start":{"line":135,"column":2},"end":{"line":152,"column":null}},"75":{"start":{"line":136,"column":4},"end":{"line":136,"column":26}},"76":{"start":{"line":137,"column":30},"end":{"line":137,"column":34}},"77":{"start":{"line":139,"column":23},"end":{"line":139,"column":44}},"78":{"start":{"line":140,"column":6},"end":{"line":150,"column":null}},"79":{"start":{"line":141,"column":34},"end":{"line":141,"column":43}},"80":{"start":{"line":142,"column":18},"end":{"line":142,"column":25}},"81":{"start":{"line":143,"column":8},"end":{"line":149,"column":11}},"82":{"start":{"line":144,"column":10},"end":{"line":148,"column":null}},"83":{"start":{"line":145,"column":12},"end":{"line":145,"column":null}},"84":{"start":{"line":147,"column":12},"end":{"line":147,"column":23}},"85":{"start":{"line":138,"column":4},"end":{"line":151,"column":null}},"86":{"start":{"line":153,"column":0},"end":{"line":153,"column":2}},"87":{"start":{"line":14,"column":13},"end":{"line":14,"column":20}}},"fnMap":{"0":{"name":"(anonymous_6)","decl":{"start":{"line":14,"column":0},"end":{"line":14,"column":13}},"loc":{"start":{"line":14,"column":0},"end":{"line":153,"column":1}}},"1":{"name":"Manager","decl":{"start":{"line":23,"column":2},"end":{"line":23,"column":14}},"loc":{"start":{"line":23,"column":72},"end":{"line":33,"column":3}}},"2":{"name":"(anonymous_8)","decl":{"start":{"line":35,"column":2},"end":{"line":35,"column":10}},"loc":{"start":{"line":35,"column":2},"end":{"line":42,"column":3}}},"3":{"name":"(anonymous_9)","decl":{"start":{"line":44,"column":2},"end":{"line":44,"column":10}},"loc":{"start":{"line":44,"column":2},"end":{"line":51,"column":3}}},"4":{"name":"(anonymous_10)","decl":{"start":{"line":53,"column":2},"end":{"line":53,"column":10}},"loc":{"start":{"line":53,"column":2},"end":{"line":57,"column":3}}},"5":{"name":"(anonymous_11)","decl":{"start":{"line":59,"column":2},"end":{"line":59,"column":10}},"loc":{"start":{"line":59,"column":41},"end":{"line":62,"column":3}}},"6":{"name":"(anonymous_12)","decl":{"start":{"line":64,"column":2},"end":{"line":64,"column":10}},"loc":{"start":{"line":64,"column":39},"end":{"line":68,"column":3}}},"7":{"name":"(anonymous_13)","decl":{"start":{"line":70,"column":2},"end":{"line":70,"column":10}},"loc":{"start":{"line":70,"column":43},"end":{"line":81,"column":3}}},"8":{"name":"(anonymous_14)","decl":{"start":{"line":83,"column":2},"end":{"line":83,"column":10}},"loc":{"start":{"line":83,"column":40},"end":{"line":92,"column":3}}},"9":{"name":"(anonymous_15)","decl":{"start":{"line":94,"column":2},"end":{"line":94,"column":10}},"loc":{"start":{"line":94,"column":2},"end":{"line":111,"column":3}}},"10":{"name":"(anonymous_16)","decl":{"start":{"line":103,"column":35},"end":{"line":103,"column":null}},"loc":{"start":{"line":103,"column":35},"end":{"line":109,"column":5}}},"11":{"name":"(anonymous_17)","decl":{"start":{"line":105,"column":37},"end":{"line":105,"column":null}},"loc":{"start":{"line":105,"column":37},"end":{"line":107,"column":7}}},"12":{"name":"(anonymous_18)","decl":{"start":{"line":113,"column":2},"end":{"line":113,"column":9}},"loc":{"start":{"line":113,"column":46},"end":{"line":115,"column":3}}},"13":{"name":"(anonymous_19)","decl":{"start":{"line":117,"column":2},"end":{"line":117,"column":7}},"loc":{"start":{"line":117,"column":2},"end":{"line":121,"column":3}}},"14":{"name":"(anonymous_20)","decl":{"start":{"line":123,"column":2},"end":{"line":123,"column":5}},"loc":{"start":{"line":123,"column":39},"end":{"line":126,"column":3}}},"15":{"name":"(anonymous_21)","decl":{"start":{"line":128,"column":2},"end":{"line":128,"column":7}},"loc":{"start":{"line":128,"column":2},"end":{"line":133,"column":3}}},"16":{"name":"(anonymous_22)","decl":{"start":{"line":135,"column":2},"end":{"line":135,"column":7}},"loc":{"start":{"line":135,"column":2},"end":{"line":152,"column":3}}},"17":{"name":"(anonymous_24)","decl":{"start":{"line":143,"column":65},"end":{"line":143,"column":66}},"loc":{"start":{"line":143,"column":79},"end":{"line":149,"column":9}}}},"branchMap":{"0":{"loc":{"start":{"line":24,"column":4},"end":{"line":24,"column":null}},"type":"binary-expr","locations":[{"start":{"line":24,"column":4},"end":{"line":24,"column":11}},{"start":{"line":24,"column":11},"end":{"line":24,"column":null}}]},"1":{"loc":{"start":{"line":31,"column":29},"end":{"line":31,"column":62}},"type":"cond-expr","locations":[{"start":{"line":31,"column":57},"end":{"line":31,"column":61}},{"start":{"line":31,"column":61},"end":{"line":31,"column":62}}]},"2":{"loc":{"start":{"line":31,"column":29},"end":{"line":31,"column":61}},"type":"binary-expr","locations":[{"start":{"line":31,"column":29},"end":{"line":31,"column":61}},{"start":{"line":31,"column":57},"end":{"line":31,"column":61}}]},"3":{"loc":{"start":{"line":31,"column":29},"end":{"line":31,"column":57}},"type":"cond-expr","locations":[{"start":{"line":31,"column":36},"end":{"line":31,"column":38}},{"start":{"line":31,"column":29},"end":{"line":31,"column":57}}]},"4":{"loc":{"start":{"line":31,"column":29},"end":{"line":31,"column":38}},"type":"binary-expr","locations":[{"start":{"line":31,"column":29},"end":{"line":31,"column":38}},{"start":{"line":31,"column":29},"end":{"line":31,"column":38}}]},"5":{"loc":{"start":{"line":32,"column":33},"end":{"line":32,"column":72}},"type":"cond-expr","locations":[{"start":{"line":32,"column":65},"end":{"line":32,"column":69}},{"start":{"line":32,"column":69},"end":{"line":32,"column":72}}]},"6":{"loc":{"start":{"line":32,"column":33},"end":{"line":32,"column":69}},"type":"binary-expr","locations":[{"start":{"line":32,"column":33},"end":{"line":32,"column":69}},{"start":{"line":32,"column":65},"end":{"line":32,"column":69}}]},"7":{"loc":{"start":{"line":32,"column":33},"end":{"line":32,"column":65}},"type":"cond-expr","locations":[{"start":{"line":32,"column":40},"end":{"line":32,"column":42}},{"start":{"line":32,"column":33},"end":{"line":32,"column":65}}]},"8":{"loc":{"start":{"line":32,"column":33},"end":{"line":32,"column":42}},"type":"binary-expr","locations":[{"start":{"line":32,"column":33},"end":{"line":32,"column":42}},{"start":{"line":32,"column":33},"end":{"line":32,"column":42}}]},"9":{"loc":{"start":{"line":71,"column":4},"end":{"line":80,"column":null}},"type":"if","locations":[{"start":{"line":71,"column":4},"end":{"line":80,"column":null}},{"start":{"line":78,"column":11},"end":{"line":80,"column":null}}]},"10":{"loc":{"start":{"line":72,"column":6},"end":{"line":77,"column":null}},"type":"if","locations":[{"start":{"line":72,"column":6},"end":{"line":77,"column":null}},{"start":{"line":75,"column":13},"end":{"line":77,"column":null}}]},"11":{"loc":{"start":{"line":72,"column":10},"end":{"line":73,"column":45}},"type":"binary-expr","locations":[{"start":{"line":72,"column":10},"end":{"line":72,"column":36}},{"start":{"line":73,"column":8},"end":{"line":73,"column":45}}]},"12":{"loc":{"start":{"line":84,"column":4},"end":{"line":91,"column":null}},"type":"if","locations":[{"start":{"line":84,"column":4},"end":{"line":91,"column":null}},{"start":{"line":86,"column":11},"end":{"line":91,"column":null}}]},"13":{"loc":{"start":{"line":88,"column":6},"end":{"line":88,"column":30}},"type":"cond-expr","locations":[{"start":{"line":88,"column":21},"end":{"line":88,"column":23}},{"start":{"line":88,"column":21},"end":{"line":88,"column":30}}]},"14":{"loc":{"start":{"line":88,"column":6},"end":{"line":88,"column":23}},"type":"binary-expr","locations":[{"start":{"line":88,"column":6},"end":{"line":88,"column":23}},{"start":{"line":88,"column":21},"end":{"line":88,"column":23}}]},"15":{"loc":{"start":{"line":95,"column":4},"end":{"line":97,"column":null}},"type":"if","locations":[{"start":{"line":95,"column":4},"end":{"line":97,"column":null}}]},"16":{"loc":{"start":{"line":132,"column":4},"end":{"line":132,"column":28}},"type":"cond-expr","locations":[{"start":{"line":132,"column":19},"end":{"line":132,"column":21}},{"start":{"line":132,"column":19},"end":{"line":132,"column":28}}]},"17":{"loc":{"start":{"line":132,"column":4},"end":{"line":132,"column":21}},"type":"binary-expr","locations":[{"start":{"line":132,"column":4},"end":{"line":132,"column":21}},{"start":{"line":132,"column":19},"end":{"line":132,"column":21}}]},"18":{"loc":{"start":{"line":140,"column":6},"end":{"line":150,"column":null}},"type":"if","locations":[{"start":{"line":140,"column":6},"end":{"line":150,"column":null}}]},"19":{"loc":{"start":{"line":144,"column":10},"end":{"line":148,"column":null}},"type":"if","locations":[{"start":{"line":144,"column":10},"end":{"line":148,"column":null}},{"start":{"line":146,"column":17},"end":{"line":148,"column":null}}]},"20":{"loc":{"start":{"line":138,"column":11},"end":{"line":138,"column":null}},"type":"binary-expr","locations":[{"start":{"line":138,"column":11},"end":{"line":138,"column":31}},{"start":{"line":138,"column":35},"end":{"line":138,"column":54}},{"start":{"line":138,"column":58},"end":{"line":138,"column":88}}]},"21":{"loc":{"start":{"line":138,"column":58},"end":{"line":138,"column":88}},"type":"cond-expr","locations":[{"start":{"line":138,"column":73},"end":{"line":138,"column":75}},{"start":{"line":138,"column":73},"end":{"line":138,"column":88}}]},"22":{"loc":{"start":{"line":138,"column":58},"end":{"line":138,"column":75}},"type":"binary-expr","locations":[{"start":{"line":138,"column":58},"end":{"line":138,"column":75}},{"start":{"line":138,"column":73},"end":{"line":138,"column":75}}]}},"s":{"0":3,"1":3,"2":3,"3":3,"4":21,"5":21,"6":21,"7":21,"8":21,"9":21,"10":21,"11":21,"12":21,"13":21,"14":3,"15":18,"16":18,"17":18,"18":18,"19":18,"20":18,"21":3,"22":48,"23":48,"24":48,"25":48,"26":48,"27":48,"28":3,"29":9,"30":9,"31":9,"32":3,"33":19,"34":19,"35":3,"36":11,"37":3,"38":11,"39":11,"40":8,"41":3,"42":0,"43":3,"44":12,"45":9,"46":3,"47":3,"48":3,"49":3,"50":9,"51":4,"52":9,"53":9,"54":9,"55":9,"56":9,"57":9,"58":9,"59":9,"60":3,"61":0,"62":3,"63":18,"64":18,"65":18,"66":3,"67":12,"68":12,"69":3,"70":8,"71":8,"72":8,"73":8,"74":3,"75":29,"76":29,"77":10,"78":10,"79":20,"80":10,"81":10,"82":9,"83":0,"84":9,"85":29,"86":3,"87":3},"f":{"0":3,"1":21,"2":18,"3":48,"4":9,"5":19,"6":11,"7":11,"8":12,"9":9,"10":9,"11":9,"12":0,"13":18,"14":12,"15":8,"16":29,"17":9},"b":{"0":[21,21],"1":[8,13],"2":[21,21],"3":[0,21],"4":[21,21],"5":[8,13],"6":[21,21],"7":[0,21],"8":[21,21],"9":[11,0],"10":[8,3],"11":[11,11],"12":[9,3],"13":[0,3],"14":[3,3],"15":[4],"16":[0,8],"17":[8,8],"18":[10],"19":[0,9],"20":[39,22,22],"21":[0,22],"22":[22,22]}}
,"/Users/jaakkos/Development/open-source/winston-logstash/src/winston-logstash.ts": {"path":"/Users/jaakkos/Development/open-source/winston-logstash/src/winston-logstash.ts","statementMap":{"0":{"start":{"line":7,"column":0},"end":{"line":7,"column":34}},"1":{"start":{"line":8,"column":15},"end":{"line":8,"column":52}},"2":{"start":{"line":9,"column":0},"end":{"line":9,"column":36}},"3":{"start":{"line":11,"column":0},"end":{"line":11,"column":78}},"4":{"start":{"line":13,"column":0},"end":{"line":13,"column":null}},"5":{"start":{"line":13,"column":30},"end":{"line":13,"column":39}},"6":{"start":{"line":22,"column":4},"end":{"line":22,"column":null}},"7":{"start":{"line":15,"column":10},"end":{"line":15,"column":null}},"8":{"start":{"line":23,"column":4},"end":{"line":23,"column":27}},"9":{"start":{"line":24,"column":4},"end":{"line":24,"column":56}},"10":{"start":{"line":27,"column":4},"end":{"line":27,"column":49}},"11":{"start":{"line":28,"column":4},"end":{"line":28,"column":57}},"12":{"start":{"line":30,"column":4},"end":{"line":30,"column":104}},"13":{"start":{"line":31,"column":4},"end":{"line":31,"column":57}},"14":{"start":{"line":32,"column":4},"end":{"line":32,"column":54}},"15":{"start":{"line":33,"column":4},"end":{"line":33,"column":25}},"16":{"start":{"line":36,"column":2},"end":{"line":50,"column":null}},"17":{"start":{"line":37,"column":4},"end":{"line":39,"column":null}},"18":{"start":{"line":38,"column":6},"end":{"line":38,"column":34}},"19":{"start":{"line":41,"column":21},"end":{"line":43,"column":52}},"20":{"start":{"line":45,"column":4},"end":{"line":47,"column":7}},"21":{"start":{"line":46,"column":6},"end":{"line":46,"column":27}},"22":{"start":{"line":49,"column":4},"end":{"line":49,"column":24}},"23":{"start":{"line":52,"column":2},"end":{"line":55,"column":null}},"24":{"start":{"line":53,"column":4},"end":{"line":53,"column":23}},"25":{"start":{"line":54,"column":4},"end":{"line":54,"column":30}},"26":{"start":{"line":57,"column":2},"end":{"line":59,"column":null}},"27":{"start":{"line":58,"column":4},"end":{"line":58,"column":25}},"28":{"start":{"line":61,"column":10},"end":{"line":70,"column":4}},"29":{"start":{"line":62,"column":4},"end":{"line":69,"column":7}},"30":{"start":{"line":71,"column":0},"end":{"line":71,"column":null}},"31":{"start":{"line":13,"column":13},"end":{"line":13,"column":21}}},"fnMap":{"0":{"name":"(anonymous_6)","decl":{"start":{"line":13,"column":0},"end":{"line":13,"column":13}},"loc":{"start":{"line":13,"column":0},"end":{"line":71,"column":null}}},"1":{"name":"Logstash","decl":{"start":{"line":21,"column":2},"end":{"line":21,"column":14}},"loc":{"start":{"line":21,"column":47},"end":{"line":34,"column":3}}},"2":{"name":"(anonymous_8)","decl":{"start":{"line":36,"column":2},"end":{"line":36,"column":5}},"loc":{"start":{"line":36,"column":63},"end":{"line":50,"column":3}}},"3":{"name":"(anonymous_9)","decl":{"start":{"line":45,"column":31},"end":{"line":45,"column":null}},"loc":{"start":{"line":45,"column":31},"end":{"line":47,"column":5}}},"4":{"name":"(anonymous_10)","decl":{"start":{"line":52,"column":2},"end":{"line":52,"column":9}},"loc":{"start":{"line":52,"column":22},"end":{"line":55,"column":3}}},"5":{"name":"(anonymous_11)","decl":{"start":{"line":57,"column":2},"end":{"line":57,"column":7}},"loc":{"start":{"line":57,"column":2},"end":{"line":59,"column":3}}},"6":{"name":"(anonymous_12)","decl":{"start":{"line":61,"column":2},"end":{"line":61,"column":10}},"loc":{"start":{"line":61,"column":61},"end":{"line":70,"column":3}}}},"branchMap":{"0":{"loc":{"start":{"line":22,"column":4},"end":{"line":22,"column":null}},"type":"binary-expr","locations":[{"start":{"line":22,"column":4},"end":{"line":22,"column":18}},{"start":{"line":22,"column":18},"end":{"line":22,"column":null}}]},"1":{"loc":{"start":{"line":24,"column":21},"end":{"line":24,"column":55}},"type":"binary-expr","locations":[{"start":{"line":24,"column":21},"end":{"line":24,"column":38}},{"start":{"line":24,"column":42},"end":{"line":24,"column":55}}]},"2":{"loc":{"start":{"line":27,"column":17},"end":{"line":27,"column":48}},"type":"binary-expr","locations":[{"start":{"line":27,"column":17},"end":{"line":27,"column":30}},{"start":{"line":27,"column":34},"end":{"line":27,"column":48}}]},"3":{"loc":{"start":{"line":30,"column":22},"end":{"line":30,"column":103}},"type":"cond-expr","locations":[{"start":{"line":30,"column":43},"end":{"line":30,"column":72}},{"start":{"line":30,"column":75},"end":{"line":30,"column":103}}]},"4":{"loc":{"start":{"line":37,"column":4},"end":{"line":39,"column":null}},"type":"if","locations":[{"start":{"line":37,"column":4},"end":{"line":39,"column":null}}]}},"s":{"0":1,"1":1,"2":1,"3":1,"4":1,"5":1,"6":10,"7":10,"8":10,"9":10,"10":10,"11":10,"12":10,"13":10,"14":10,"15":10,"16":1,"17":11,"18":0,"19":11,"20":11,"21":9,"22":11,"23":1,"24":3,"25":3,"26":1,"27":8,"28":1,"29":11,"30":1,"31":1},"f":{"0":1,"1":10,"2":11,"3":9,"4":3,"5":8,"6":11},"b":{"0":[10,10],"1":[10,0],"2":[10,10],"3":[3,7],"4":[0]}}
,"/Users/jaakkos/Development/open-source/winston-logstash/test/test_helper.ts": {"path":"/Users/jaakkos/Development/open-source/winston-logstash/test/test_helper.ts","statementMap":{"0":{"start":{"line":1,"column":0},"end":{"line":1,"column":33}},"1":{"start":{"line":2,"column":0},"end":{"line":2,"column":22}},"2":{"start":{"line":3,"column":0},"end":{"line":3,"column":34}},"3":{"start":{"line":7,"column":27},"end":{"line":7,"column":50}},"4":{"start":{"line":7,"column":49},"end":{"line":7,"column":null}},"5":{"start":{"line":7,"column":13},"end":{"line":7,"column":27}},"6":{"start":{"line":9,"column":20},"end":{"line":9,"column":43}},"7":{"start":{"line":10,"column":13},"end":{"line":10,"column":18}},"8":{"start":{"line":13,"column":17},"end":{"line":19,"column":4}},"9":{"start":{"line":14,"column":4},"end":{"line":15,"column":7}},"10":{"start":{"line":16,"column":4},"end":{"line":18,"column":7}},"11":{"start":{"line":17,"column":6},"end":{"line":17,"column":19}},"12":{"start":{"line":21,"column":2},"end":{"line":21,"column":22}},"13":{"start":{"line":23,"column":2},"end":{"line":23,"column":16}},"14":{"start":{"line":12,"column":0},"end":{"line":12,"column":16}},"15":{"start":{"line":27,"column":17},"end":{"line":37,"column":4}},"16":{"start":{"line":28,"column":4},"end":{"line":30,"column":7}},"17":{"start":{"line":31,"column":4},"end":{"line":33,"column":7}},"18":{"start":{"line":34,"column":4},"end":{"line":36,"column":7}},"19":{"start":{"line":35,"column":6},"end":{"line":35,"column":27}},"20":{"start":{"line":39,"column":2},"end":{"line":39,"column":22}},"21":{"start":{"line":41,"column":2},"end":{"line":41,"column":16}},"22":{"start":{"line":26,"column":0},"end":{"line":26,"column":16}},"23":{"start":{"line":48,"column":24},"end":{"line":60,"column":4}},"24":{"start":{"line":62,"column":17},"end":{"line":72,"column":4}},"25":{"start":{"line":63,"column":4},"end":{"line":65,"column":7}},"26":{"start":{"line":66,"column":4},"end":{"line":68,"column":7}},"27":{"start":{"line":67,"column":6},"end":{"line":67,"column":19}},"28":{"start":{"line":69,"column":4},"end":{"line":71,"column":7}},"29":{"start":{"line":74,"column":2},"end":{"line":74,"column":35}},"30":{"start":{"line":76,"column":2},"end":{"line":76,"column":16}},"31":{"start":{"line":44,"column":0},"end":{"line":44,"column":16}},"32":{"start":{"line":80,"column":2},"end":{"line":80,"column":33}},"33":{"start":{"line":81,"column":2},"end":{"line":81,"column":31}},"34":{"start":{"line":79,"column":0},"end":{"line":79,"column":16}},"35":{"start":{"line":85,"column":2},"end":{"line":91,"column":null}},"36":{"start":{"line":86,"column":4},"end":{"line":86,"column":19}},"37":{"start":{"line":87,"column":4},"end":{"line":87,"column":23}},"38":{"start":{"line":88,"column":4},"end":{"line":90,"column":7}},"39":{"start":{"line":89,"column":6},"end":{"line":89,"column":20}},"40":{"start":{"line":84,"column":0},"end":{"line":84,"column":16}}},"fnMap":{"0":{"name":"(anonymous_1)","decl":{"start":{"line":7,"column":27},"end":{"line":7,"column":28}},"loc":{"start":{"line":7,"column":44},"end":{"line":7,"column":50}}},"1":{"name":"createTestServer","decl":{"start":{"line":12,"column":16},"end":{"line":12,"column":32}},"loc":{"start":{"line":12,"column":63},"end":{"line":24,"column":1}}},"2":{"name":"(anonymous_3)","decl":{"start":{"line":13,"column":34},"end":{"line":13,"column":44}},"loc":{"start":{"line":13,"column":58},"end":{"line":19,"column":3}}},"3":{"name":"(anonymous_4)","decl":{"start":{"line":14,"column":23},"end":{"line":14,"column":null}},"loc":{"start":{"line":14,"column":23},"end":{"line":15,"column":5}}},"4":{"name":"(anonymous_5)","decl":{"start":{"line":16,"column":22},"end":{"line":16,"column":23}},"loc":{"start":{"line":16,"column":35},"end":{"line":18,"column":5}}},"5":{"name":"createTestServerWithRestart","decl":{"start":{"line":26,"column":16},"end":{"line":26,"column":43}},"loc":{"start":{"line":26,"column":74},"end":{"line":42,"column":1}}},"6":{"name":"(anonymous_7)","decl":{"start":{"line":27,"column":34},"end":{"line":27,"column":44}},"loc":{"start":{"line":27,"column":58},"end":{"line":37,"column":3}}},"7":{"name":"(anonymous_8)","decl":{"start":{"line":28,"column":22},"end":{"line":28,"column":null}},"loc":{"start":{"line":28,"column":22},"end":{"line":30,"column":5}}},"8":{"name":"(anonymous_9)","decl":{"start":{"line":31,"column":21},"end":{"line":31,"column":null}},"loc":{"start":{"line":31,"column":21},"end":{"line":33,"column":5}}},"9":{"name":"(anonymous_10)","decl":{"start":{"line":34,"column":22},"end":{"line":34,"column":23}},"loc":{"start":{"line":34,"column":35},"end":{"line":36,"column":5}}},"10":{"name":"createTestSecureServer","decl":{"start":{"line":44,"column":16},"end":{"line":44,"column":38}},"loc":{"start":{"line":47,"column":19},"end":{"line":77,"column":1}}},"11":{"name":"(anonymous_12)","decl":{"start":{"line":62,"column":49},"end":{"line":62,"column":50}},"loc":{"start":{"line":62,"column":64},"end":{"line":72,"column":3}}},"12":{"name":"(anonymous_13)","decl":{"start":{"line":63,"column":21},"end":{"line":63,"column":null}},"loc":{"start":{"line":63,"column":21},"end":{"line":65,"column":5}}},"13":{"name":"(anonymous_14)","decl":{"start":{"line":66,"column":22},"end":{"line":66,"column":23}},"loc":{"start":{"line":66,"column":27},"end":{"line":68,"column":5}}},"14":{"name":"(anonymous_15)","decl":{"start":{"line":69,"column":23},"end":{"line":69,"column":24}},"loc":{"start":{"line":69,"column":29},"end":{"line":71,"column":5}}},"15":{"name":"setup","decl":{"start":{"line":79,"column":16},"end":{"line":79,"column":21}},"loc":{"start":{"line":79,"column":37},"end":{"line":82,"column":1}}},"16":{"name":"tearDown","decl":{"start":{"line":84,"column":16},"end":{"line":84,"column":24}},"loc":{"start":{"line":84,"column":101},"end":{"line":92,"column":1}}},"17":{"name":"(anonymous_18)","decl":{"start":{"line":85,"column":21},"end":{"line":85,"column":22}},"loc":{"start":{"line":85,"column":32},"end":{"line":91,"column":3}}},"18":{"name":"(anonymous_19)","decl":{"start":{"line":88,"column":21},"end":{"line":88,"column":null}},"loc":{"start":{"line":88,"column":21},"end":{"line":90,"column":5}}}},"branchMap":{"0":{"loc":{"start":{"line":51,"column":9},"end":{"line":53,"column":45}},"type":"cond-expr","locations":[{"start":{"line":52,"column":6},"end":{"line":52,"column":37}},{"start":{"line":53,"column":6},"end":{"line":53,"column":45}}]},"1":{"loc":{"start":{"line":54,"column":10},"end":{"line":56,"column":46}},"type":"cond-expr","locations":[{"start":{"line":55,"column":6},"end":{"line":55,"column":38}},{"start":{"line":56,"column":6},"end":{"line":56,"column":46}}]},"2":{"loc":{"start":{"line":58,"column":17},"end":{"line":58,"column":56}},"type":"cond-expr","locations":[{"start":{"line":58,"column":34},"end":{"line":58,"column":48}},{"start":{"line":58,"column":51},"end":{"line":58,"column":56}}]}},"s":{"0":2,"1":2,"2":2,"3":2,"4":21,"5":2,"6":2,"7":2,"8":4,"9":4,"10":4,"11":4,"12":4,"13":4,"14":2,"15":1,"16":2,"17":2,"18":2,"19":2,"20":1,"21":1,"22":2,"23":3,"24":3,"25":2,"26":2,"27":2,"28":2,"29":3,"30":3,"31":2,"32":8,"33":8,"34":2,"35":8,"36":8,"37":8,"38":8,"39":8,"40":2},"f":{"0":21,"1":4,"2":4,"3":4,"4":4,"5":1,"6":2,"7":0,"8":1,"9":2,"10":3,"11":2,"12":0,"13":2,"14":2,"15":8,"16":8,"17":8,"18":8},"b":{"0":[1,2],"1":[1,2],"2":[2,1]}}
}
