TN:
SF:src/connection.ts
FN:15,(anonymous_7)
FN:30,(anonymous_8)
FN:37,Connection
FN:43,(anonymous_10)
FN:48,(anonymous_11)
FN:53,(anonymous_12)
FN:59,(anonymous_13)
FN:63,(anonymous_14)
FN:71,(anonymous_15)
FN:78,(anonymous_16)
FN:85,(anonymous_17)
FN:89,(anonymous_18)
FN:93,(anonymous_19)
FN:99,(anonymous_20)
FN:100,(anonymous_22)
FN:113,(anonymous_23)
FN:115,SecureConnection
FN:121,(anonymous_25)
FN:139,(anonymous_26)
FNF:19
FNH:17
FNDA:3,(anonymous_7)
FNDA:3,(anonymous_8)
FNDA:22,Connection
FNDA:10,(anonymous_10)
FNDA:0,(anonymous_11)
FNDA:8,(anonymous_12)
FNDA:0,(anonymous_13)
FNDA:1,(anonymous_14)
FNDA:20,(anonymous_15)
FNDA:20,(anonymous_16)
FNDA:10,(anonymous_17)
FNDA:21,(anonymous_18)
FNDA:20,(anonymous_19)
FNDA:20,(anonymous_20)
FNDA:15,(anonymous_22)
FNDA:3,(anonymous_23)
FNDA:5,SecureConnection
FNDA:5,(anonymous_25)
FNDA:5,(anonymous_26)
DA:8,3
DA:9,3
DA:10,3
DA:15,3
DA:16,3
DA:17,3
DA:18,3
DA:19,3
DA:20,3
DA:30,3
DA:38,22
DA:39,22
DA:40,22
DA:43,3
DA:44,10
DA:45,10
DA:48,3
DA:49,0
DA:50,0
DA:53,3
DA:54,8
DA:55,8
DA:56,8
DA:59,3
DA:60,0
DA:63,3
DA:64,1
DA:65,0
DA:67,1
DA:71,3
DA:72,20
DA:73,20
DA:74,20
DA:75,20
DA:78,3
DA:79,20
DA:80,20
DA:81,20
DA:82,20
DA:85,3
DA:86,10
DA:89,3
DA:90,21
DA:93,3
DA:94,20
DA:95,20
DA:97,3
DA:99,3
DA:100,3
DA:101,15
DA:102,15
DA:103,15
DA:104,15
DA:105,15
DA:106,15
DA:108,1
DA:111,3
DA:113,3
DA:116,5
DA:117,5
DA:121,3
DA:122,5
DA:123,5
DA:124,5
DA:125,5
DA:126,5
DA:128,5
DA:136,5
DA:139,3
DA:140,5
DA:141,5
DA:142,5
DA:145,5
DA:146,5
DA:148,0
DA:151,3
LF:76
LH:71
BRDA:15,0,0,3
BRDA:15,0,1,3
BRDA:39,1,0,22
BRDA:39,1,1,0
BRDA:39,2,0,22
BRDA:39,2,1,22
BRDA:39,3,0,0
BRDA:39,3,1,22
BRDA:39,4,0,22
BRDA:39,4,1,22
BRDA:40,5,0,22
BRDA:40,5,1,0
BRDA:40,6,0,22
BRDA:40,6,1,22
BRDA:40,7,0,0
BRDA:40,7,1,22
BRDA:40,8,0,22
BRDA:40,8,1,22
BRDA:45,9,0,0
BRDA:45,9,1,10
BRDA:45,10,0,10
BRDA:45,10,1,10
BRDA:50,11,0,0
BRDA:50,11,1,0
BRDA:50,12,0,0
BRDA:50,12,1,0
BRDA:50,13,0,0
BRDA:50,13,1,0
BRDA:50,14,0,0
BRDA:50,14,1,0
BRDA:54,15,0,0
BRDA:54,15,1,8
BRDA:54,16,0,8
BRDA:54,16,1,8
BRDA:56,17,0,0
BRDA:56,17,1,8
BRDA:56,18,0,8
BRDA:56,18,1,8
BRDA:60,19,0,0
BRDA:60,19,1,0
BRDA:60,20,0,0
BRDA:60,20,1,0
BRDA:64,21,0,0
BRDA:64,21,1,1
BRDA:65,22,0,0
BRDA:65,22,1,0
BRDA:65,23,0,0
BRDA:65,23,1,0
BRDA:67,24,0,0
BRDA:67,24,1,1
BRDA:67,25,0,1
BRDA:67,25,1,1
BRDA:80,26,0,0
BRDA:80,26,1,20
BRDA:80,27,0,20
BRDA:80,27,1,20
BRDA:81,28,0,0
BRDA:81,28,1,20
BRDA:81,29,0,20
BRDA:81,29,1,20
BRDA:82,30,0,1
BRDA:82,30,1,19
BRDA:82,31,0,20
BRDA:82,31,1,20
BRDA:86,32,0,0
BRDA:86,32,1,10
BRDA:86,33,0,10
BRDA:86,33,1,10
BRDA:90,34,0,0
BRDA:90,34,1,21
BRDA:90,35,0,21
BRDA:90,35,1,21
BRDA:108,36,0,0
BRDA:108,36,1,1
BRDA:108,37,0,1
BRDA:108,37,1,1
BRDA:116,38,0,5
BRDA:116,38,1,5
BRDA:129,39,0,5
BRDA:129,39,1,5
BRDA:130,40,0,5
BRDA:130,40,1,5
BRDA:131,41,0,5
BRDA:131,41,1,5
BRDA:133,42,0,5
BRDA:133,42,1,5
BRDA:148,43,0,0
BRDA:148,43,1,0
BRDA:148,44,0,0
BRDA:148,44,1,0
BRF:90
BRH:56
end_of_record
TN:
SF:src/manager.ts
FN:14,(anonymous_6)
FN:23,Manager
FN:35,(anonymous_8)
FN:44,(anonymous_9)
FN:53,(anonymous_10)
FN:59,(anonymous_11)
FN:64,(anonymous_12)
FN:70,(anonymous_13)
FN:83,(anonymous_14)
FN:94,(anonymous_15)
FN:103,(anonymous_16)
FN:105,(anonymous_17)
FN:113,(anonymous_18)
FN:117,(anonymous_19)
FN:123,(anonymous_20)
FN:128,(anonymous_21)
FN:135,(anonymous_22)
FN:143,(anonymous_24)
FNF:18
FNH:17
FNDA:3,(anonymous_6)
FNDA:21,Manager
FNDA:18,(anonymous_8)
FNDA:48,(anonymous_9)
FNDA:9,(anonymous_10)
FNDA:19,(anonymous_11)
FNDA:11,(anonymous_12)
FNDA:11,(anonymous_13)
FNDA:12,(anonymous_14)
FNDA:9,(anonymous_15)
FNDA:9,(anonymous_16)
FNDA:9,(anonymous_17)
FNDA:0,(anonymous_18)
FNDA:18,(anonymous_19)
FNDA:12,(anonymous_20)
FNDA:8,(anonymous_21)
FNDA:29,(anonymous_22)
FNDA:9,(anonymous_24)
DA:9,3
DA:12,3
DA:14,3
DA:18,21
DA:21,21
DA:23,21
DA:24,21
DA:25,21
DA:26,21
DA:27,21
DA:30,21
DA:31,21
DA:32,21
DA:35,3
DA:36,18
DA:37,18
DA:38,18
DA:39,18
DA:40,18
DA:41,18
DA:44,3
DA:45,48
DA:46,48
DA:47,48
DA:48,48
DA:49,48
DA:50,48
DA:53,3
DA:54,9
DA:55,9
DA:56,9
DA:59,3
DA:60,19
DA:61,19
DA:64,3
DA:67,11
DA:70,3
DA:71,11
DA:72,11
DA:74,8
DA:76,3
DA:79,0
DA:83,3
DA:84,12
DA:85,9
DA:87,3
DA:88,3
DA:89,3
DA:94,3
DA:95,9
DA:96,4
DA:99,9
DA:100,9
DA:102,9
DA:103,9
DA:104,9
DA:105,9
DA:106,9
DA:110,9
DA:113,3
DA:114,0
DA:117,3
DA:118,18
DA:119,18
DA:120,18
DA:123,3
DA:124,12
DA:125,12
DA:128,3
DA:129,8
DA:130,8
DA:131,8
DA:132,8
DA:135,3
DA:136,29
DA:137,29
DA:138,29
DA:139,10
DA:140,10
DA:141,20
DA:142,10
DA:143,10
DA:144,9
DA:145,0
DA:147,9
DA:153,3
LF:86
LH:83
BRDA:24,0,0,21
BRDA:24,0,1,21
BRDA:31,1,0,8
BRDA:31,1,1,13
BRDA:31,2,0,21
BRDA:31,2,1,21
BRDA:31,3,0,0
BRDA:31,3,1,21
BRDA:31,4,0,21
BRDA:31,4,1,21
BRDA:32,5,0,8
BRDA:32,5,1,13
BRDA:32,6,0,21
BRDA:32,6,1,21
BRDA:32,7,0,0
BRDA:32,7,1,21
BRDA:32,8,0,21
BRDA:32,8,1,21
BRDA:71,9,0,11
BRDA:71,9,1,0
BRDA:72,10,0,8
BRDA:72,10,1,3
BRDA:72,11,0,11
BRDA:72,11,1,11
BRDA:84,12,0,9
BRDA:84,12,1,3
BRDA:88,13,0,0
BRDA:88,13,1,3
BRDA:88,14,0,3
BRDA:88,14,1,3
BRDA:95,15,0,4
BRDA:132,16,0,0
BRDA:132,16,1,8
BRDA:132,17,0,8
BRDA:132,17,1,8
BRDA:140,18,0,10
BRDA:144,19,0,0
BRDA:144,19,1,9
BRDA:138,20,0,39
BRDA:138,20,1,22
BRDA:138,20,2,22
BRDA:138,21,0,0
BRDA:138,21,1,22
BRDA:138,22,0,22
BRDA:138,22,1,22
BRF:45
BRH:38
end_of_record
TN:
SF:src/winston-logstash.ts
FN:13,(anonymous_6)
FN:21,Logstash
FN:36,(anonymous_8)
FN:45,(anonymous_9)
FN:52,(anonymous_10)
FN:57,(anonymous_11)
FN:61,(anonymous_12)
FNF:7
FNH:7
FNDA:1,(anonymous_6)
FNDA:10,Logstash
FNDA:11,(anonymous_8)
FNDA:9,(anonymous_9)
FNDA:3,(anonymous_10)
FNDA:8,(anonymous_11)
FNDA:11,(anonymous_12)
DA:7,1
DA:8,1
DA:9,1
DA:11,1
DA:13,1
DA:15,10
DA:22,10
DA:23,10
DA:24,10
DA:27,10
DA:28,10
DA:30,10
DA:31,10
DA:32,10
DA:33,10
DA:36,1
DA:37,11
DA:38,0
DA:41,11
DA:45,11
DA:46,9
DA:49,11
DA:52,1
DA:53,3
DA:54,3
DA:57,1
DA:58,8
DA:61,1
DA:62,11
DA:71,1
LF:30
LH:29
BRDA:22,0,0,10
BRDA:22,0,1,10
BRDA:24,1,0,10
BRDA:24,1,1,0
BRDA:27,2,0,10
BRDA:27,2,1,10
BRDA:30,3,0,3
BRDA:30,3,1,7
BRDA:37,4,0,0
BRF:9
BRH:7
end_of_record
TN:
SF:test/test_helper.ts
FN:7,(anonymous_1)
FN:12,createTestServer
FN:13,(anonymous_3)
FN:14,(anonymous_4)
FN:16,(anonymous_5)
FN:26,createTestServerWithRestart
FN:27,(anonymous_7)
FN:28,(anonymous_8)
FN:31,(anonymous_9)
FN:34,(anonymous_10)
FN:44,createTestSecureServer
FN:62,(anonymous_12)
FN:63,(anonymous_13)
FN:66,(anonymous_14)
FN:69,(anonymous_15)
FN:79,setup
FN:84,tearDown
FN:85,(anonymous_18)
FN:88,(anonymous_19)
FNF:19
FNH:17
FNDA:21,(anonymous_1)
FNDA:4,createTestServer
FNDA:4,(anonymous_3)
FNDA:4,(anonymous_4)
FNDA:4,(anonymous_5)
FNDA:1,createTestServerWithRestart
FNDA:2,(anonymous_7)
FNDA:0,(anonymous_8)
FNDA:1,(anonymous_9)
FNDA:2,(anonymous_10)
FNDA:3,createTestSecureServer
FNDA:2,(anonymous_12)
FNDA:0,(anonymous_13)
FNDA:2,(anonymous_14)
FNDA:2,(anonymous_15)
FNDA:8,setup
FNDA:8,tearDown
FNDA:8,(anonymous_18)
FNDA:8,(anonymous_19)
DA:1,2
DA:2,2
DA:3,2
DA:7,21
DA:9,2
DA:10,2
DA:12,2
DA:13,4
DA:14,4
DA:16,4
DA:17,4
DA:21,4
DA:23,4
DA:26,2
DA:27,1
DA:28,2
DA:31,2
DA:34,2
DA:35,2
DA:39,1
DA:41,1
DA:44,2
DA:48,3
DA:62,3
DA:63,2
DA:66,2
DA:67,2
DA:69,2
DA:74,3
DA:76,3
DA:79,2
DA:80,8
DA:81,8
DA:84,2
DA:85,8
DA:86,8
DA:87,8
DA:88,8
DA:89,8
LF:39
LH:39
BRDA:51,0,0,1
BRDA:51,0,1,2
BRDA:54,1,0,1
BRDA:54,1,1,2
BRDA:58,2,0,2
BRDA:58,2,1,1
BRF:6
BRH:6
end_of_record
